0 info it worked if it ends with ok
1 verbose cli [ '/Users/petesaia/.nvm/v4.4.0/bin/node',
1 verbose cli   '/Users/petesaia/.nvm/v4.4.0/bin/npm',
1 verbose cli   'publish' ]
2 info using npm@3.8.6
3 info using node@v4.4.0
4 verbose publish [ '.' ]
5 silly cache add args [ '.', null ]
6 verbose cache add spec .
7 silly cache add parsed spec Result {
7 silly cache add   raw: '.',
7 silly cache add   scope: null,
7 silly cache add   name: null,
7 silly cache add   rawSpec: '.',
7 silly cache add   spec: '/Users/petesaia/Work/stackahoy-cli',
7 silly cache add   type: 'directory' }
8 verbose addLocalDirectory /Users/petesaia/.npm/stackahoy/1.0.0/package.tgz not in flight; packing
9 verbose correctMkdir /Users/petesaia/.npm correctMkdir not in flight; initializing
10 info lifecycle stackahoy@1.0.0~prepublish: stackahoy@1.0.0
11 silly lifecycle stackahoy@1.0.0~prepublish: no script for prepublish, continuing
12 verbose tar pack [ '/Users/petesaia/.npm/stackahoy/1.0.0/package.tgz',
12 verbose tar pack   '/Users/petesaia/Work/stackahoy-cli' ]
13 verbose tarball /Users/petesaia/.npm/stackahoy/1.0.0/package.tgz
14 verbose folder /Users/petesaia/Work/stackahoy-cli
15 verbose addLocalTarball adding from inside cache /Users/petesaia/.npm/stackahoy/1.0.0/package.tgz
16 verbose correctMkdir /Users/petesaia/.npm correctMkdir not in flight; initializing
17 silly cache afterAdd stackahoy@1.0.0
18 verbose afterAdd /Users/petesaia/.npm/stackahoy/1.0.0/package/package.json not in flight; writing
19 verbose correctMkdir /Users/petesaia/.npm correctMkdir not in flight; initializing
20 verbose afterAdd /Users/petesaia/.npm/stackahoy/1.0.0/package/package.json written
21 silly publish { name: 'stackahoy',
21 silly publish   preferGlobal: 'true',
21 silly publish   version: '1.0.0',
21 silly publish   description: 'Powerful and flexible automated builds and deployments.',
21 silly publish   scripts: { test: 'echo "Error: no test specified" && exit 1' },
21 silly publish   repository:
21 silly publish    { type: 'git',
21 silly publish      url: 'git+https://github.com/LevInteractive/stackahoy-cli.git' },
21 silly publish   keywords:
21 silly publish    [ 'continuous',
21 silly publish      'integration',
21 silly publish      'deployment',
21 silly publish      'deploy',
21 silly publish      'automated' ],
21 silly publish   bin: { stackahoy: './bin/stackahoy' },
21 silly publish   author:
21 silly publish    { name: 'Lev Interactive, LLC',
21 silly publish      email: 'engineers@lev-interactive.com' },
21 silly publish   license: 'ISC',
21 silly publish   bugs: { url: 'https://github.com/LevInteractive/stackahoy-cli/issues' },
21 silly publish   homepage: 'https://github.com/LevInteractive/stackahoy-cli#readme',
21 silly publish   dependencies:
21 silly publish    { 'cli-color': '^1.1.0',
21 silly publish      commander: '^2.9.0',
21 silly publish      request: '^2.74.0' },
21 silly publish   readme: '# Stackahoy CLI\n\nDeploy anytime, anywhere.\n\n# Installation\n\n```shell\nnpm i -g stackahoy\n```\n\nUse cases may include:\n\n* Zero downtime Docker container deployments when using a Docker registry.\n* Third-party implementations. e.g. grunt, gulp, Makefiles, ect.\n* Misc. application triggered deployments.\n* You don\'t want to make use of webhooks (or your provider does not support them).\n\nSee complete documentation [here](https://stackahoy.io/docs/cli).\n\n#### Example\n\n```shell\n\n# List all available repos and branches. Start here.\nstackahoy list --token="your-token"\n\n# Typical deployment to production.\nstackahoy deploy \\\n  --token="your-token" \\\n  --repo="57acb5757ec23523032d92ca" \\\n  --branch="production"\n\n# Deploy to production, except don\'t sync files. Only execute post-commands and\n# delivery configuration files. This is great for something like a Docker\n# container deployment.\nstackahoy deploy \\\n  --token="your-token" \\\n  --repo="57acb5757ec23523032d92ca" \\\n  --branch="production" \\\n  --skip-delivery\n```\n',
21 silly publish   readmeFilename: 'README.md',
21 silly publish   gitHead: '172c94ea06c35c66c4b500287da99cf76ee6e8a3',
21 silly publish   _id: 'stackahoy@1.0.0',
21 silly publish   _shasum: '0fc6ac0a408fbf80cf5fe68ad2734c15081ec082',
21 silly publish   _from: '.' }
22 verbose getPublishConfig undefined
23 silly mapToRegistry name stackahoy
24 silly mapToRegistry using default registry
25 silly mapToRegistry registry https://registry.npmjs.org/
26 silly mapToRegistry data Result {
26 silly mapToRegistry   raw: 'stackahoy',
26 silly mapToRegistry   scope: null,
26 silly mapToRegistry   name: 'stackahoy',
26 silly mapToRegistry   rawSpec: '',
26 silly mapToRegistry   spec: 'latest',
26 silly mapToRegistry   type: 'tag' }
27 silly mapToRegistry uri https://registry.npmjs.org/stackahoy
28 verbose publish registryBase https://registry.npmjs.org/
29 silly publish uploading /Users/petesaia/.npm/stackahoy/1.0.0/package.tgz
30 verbose request uri https://registry.npmjs.org/stackahoy
31 verbose request sending authorization for write operation
32 info attempt registry request try #1 at 09:15:09
33 verbose request using bearer token for auth
34 verbose request id 84f82a981eaee127
35 http request PUT https://registry.npmjs.org/stackahoy
36 http 403 https://registry.npmjs.org/stackahoy
37 verbose headers { 'content-type': 'application/json',
37 verbose headers   'cache-control': 'max-age=300',
37 verbose headers   'content-length': '128',
37 verbose headers   'accept-ranges': 'bytes',
37 verbose headers   date: 'Fri, 12 Aug 2016 13:15:10 GMT',
37 verbose headers   via: '1.1 varnish',
37 verbose headers   connection: 'keep-alive',
37 verbose headers   'x-served-by': 'cache-iad2136-IAD',
37 verbose headers   'x-cache': 'MISS',
37 verbose headers   'x-cache-hits': '0',
37 verbose headers   'x-timer': 'S1471007709.399270,VS0,VE682',
37 verbose headers   vary: 'Accept-Encoding' }
38 verbose request invalidating /Users/petesaia/.npm/registry.npmjs.org/stackahoy on PUT
39 error publish Failed PUT 403
40 verbose stack Error: "You cannot publish over the previously published version 1.0.0. Try bumping the version to 2.0.0" : stackahoy
40 verbose stack     at makeError (/Users/petesaia/.nvm/v4.4.0/lib/node_modules/npm/node_modules/npm-registry-client/lib/request.js:264:12)
40 verbose stack     at CachingRegistryClient.<anonymous> (/Users/petesaia/.nvm/v4.4.0/lib/node_modules/npm/node_modules/npm-registry-client/lib/request.js:252:14)
40 verbose stack     at Request._callback (/Users/petesaia/.nvm/v4.4.0/lib/node_modules/npm/node_modules/npm-registry-client/lib/request.js:172:14)
40 verbose stack     at Request.self.callback (/Users/petesaia/.nvm/v4.4.0/lib/node_modules/npm/node_modules/request/request.js:199:22)
40 verbose stack     at emitTwo (events.js:87:13)
40 verbose stack     at Request.emit (events.js:172:7)
40 verbose stack     at Request.<anonymous> (/Users/petesaia/.nvm/v4.4.0/lib/node_modules/npm/node_modules/request/request.js:1036:10)
40 verbose stack     at emitOne (events.js:82:20)
40 verbose stack     at Request.emit (events.js:169:7)
40 verbose stack     at IncomingMessage.<anonymous> (/Users/petesaia/.nvm/v4.4.0/lib/node_modules/npm/node_modules/request/request.js:963:12)
41 verbose statusCode 403
42 verbose pkgid stackahoy
43 verbose cwd /Users/petesaia/Work/stackahoy-cli
44 error Darwin 15.6.0
45 error argv "/Users/petesaia/.nvm/v4.4.0/bin/node" "/Users/petesaia/.nvm/v4.4.0/bin/npm" "publish"
46 error node v4.4.0
47 error npm  v3.8.6
48 error code E403
49 error "You cannot publish over the previously published version 1.0.0. Try bumping the version to 2.0.0" : stackahoy
50 error If you need help, you may report this error at:
50 error     <https://github.com/npm/npm/issues>
51 verbose exit [ 1, true ]
